2023-08-04 13:27:07,727 INFO org.hibernate.validator.internal.util.Version [background-preinit] HV000001: Hibernate Validator 6.2.5.Final
2023-08-04 13:27:07,799 INFO org.springframework.boot.StartupInfoLogger [restartedMain] Starting ProductsServiceApplication using Java 17.0.7 on LVAGPLTP4602 with PID 20524 (C:\Users\kristine.kaposte\OneDrive - Accenture\Desktop\Projects\productsService\target\classes started by kristine.kaposte in C:\Users\kristine.kaposte\OneDrive - Accenture\Desktop\Projects\productsService)
2023-08-04 13:27:07,801 DEBUG org.springframework.boot.StartupInfoLogger [restartedMain] Running with Spring Boot v2.7.14, Spring v5.3.29
2023-08-04 13:27:07,804 INFO org.springframework.boot.SpringApplication [restartedMain] No active profile set, falling back to 1 default profile: "default"
2023-08-04 13:27:07,923 INFO org.springframework.boot.logging.DeferredLog [restartedMain] Devtools property defaults active! Set 'spring.devtools.add-properties' to 'false' to disable
2023-08-04 13:27:07,923 INFO org.springframework.boot.logging.DeferredLog [restartedMain] For additional web related logging consider setting the 'logging.level.web' property to 'DEBUG'
2023-08-04 13:27:10,043 INFO org.springframework.data.repository.config.RepositoryConfigurationDelegate [restartedMain] Bootstrapping Spring Data JPA repositories in DEFAULT mode.
2023-08-04 13:27:10,204 INFO org.springframework.data.repository.config.RepositoryConfigurationDelegate [restartedMain] Finished Spring Data repository scanning in 134 ms. Found 2 JPA repository interfaces.
2023-08-04 13:27:11,718 INFO org.springframework.boot.web.embedded.tomcat.TomcatWebServer [restartedMain] Tomcat initialized with port(s): 5051 (http)
2023-08-04 13:27:11,741 INFO org.apache.juli.logging.DirectJDKLog [restartedMain] Initializing ProtocolHandler ["http-nio-5051"]
2023-08-04 13:27:11,754 INFO org.apache.juli.logging.DirectJDKLog [restartedMain] Starting service [Tomcat]
2023-08-04 13:27:11,754 INFO org.apache.juli.logging.DirectJDKLog [restartedMain] Starting Servlet engine: [Apache Tomcat/9.0.78]
2023-08-04 13:27:11,997 INFO org.apache.juli.logging.DirectJDKLog [restartedMain] Initializing Spring embedded WebApplicationContext
2023-08-04 13:27:11,998 INFO org.springframework.boot.web.servlet.context.ServletWebServerApplicationContext [restartedMain] Root WebApplicationContext: initialization completed in 4072 ms
2023-08-04 13:27:12,609 INFO org.flywaydb.core.internal.logging.slf4j.Slf4jLog [restartedMain] Flyway Community Edition 8.5.13 by Redgate
2023-08-04 13:27:12,609 INFO org.flywaydb.core.internal.logging.slf4j.Slf4jLog [restartedMain] See what's new here: https://flywaydb.org/documentation/learnmore/releaseNotes#8.5.13
2023-08-04 13:27:12,610 INFO org.flywaydb.core.internal.logging.slf4j.Slf4jLog [restartedMain] 
2023-08-04 13:27:12,639 INFO com.zaxxer.hikari.HikariDataSource [restartedMain] HikariPool-1 - Starting...
2023-08-04 13:27:13,213 INFO com.zaxxer.hikari.HikariDataSource [restartedMain] HikariPool-1 - Start completed.
2023-08-04 13:27:13,253 INFO org.flywaydb.core.internal.logging.slf4j.Slf4jLog [restartedMain] Database: jdbc:mysql://localhost:3306/productsdb (MySQL 8.0)
2023-08-04 13:27:13,354 INFO org.flywaydb.core.internal.logging.slf4j.Slf4jLog [restartedMain] Successfully validated 2 migrations (execution time 00:00.060s)
2023-08-04 13:27:13,380 INFO org.flywaydb.core.internal.logging.slf4j.Slf4jLog [restartedMain] Current version of schema `productsdb`: 1.0.2
2023-08-04 13:27:13,382 INFO org.flywaydb.core.internal.logging.slf4j.Slf4jLog [restartedMain] Schema `productsdb` is up to date. No migration necessary.
2023-08-04 13:27:13,571 INFO org.hibernate.jpa.internal.util.LogHelper [restartedMain] HHH000204: Processing PersistenceUnitInfo [name: default]
2023-08-04 13:27:13,649 INFO org.hibernate.Version [restartedMain] HHH000412: Hibernate ORM core version 5.6.15.Final
2023-08-04 13:27:13,988 INFO org.hibernate.annotations.common.reflection.java.JavaReflectionManager [restartedMain] HCANN000001: Hibernate Commons Annotations {5.1.2.Final}
2023-08-04 13:27:14,177 INFO org.hibernate.dialect.Dialect [restartedMain] HHH000400: Using dialect: org.hibernate.dialect.MySQL8Dialect
2023-08-04 13:27:15,465 INFO org.hibernate.engine.transaction.jta.platform.internal.JtaPlatformInitiator [restartedMain] HHH000490: Using JtaPlatform implementation: [org.hibernate.engine.transaction.jta.platform.internal.NoJtaPlatform]
2023-08-04 13:27:15,482 INFO org.springframework.orm.jpa.AbstractEntityManagerFactoryBean [restartedMain] Initialized JPA EntityManagerFactory for persistence unit 'default'
2023-08-04 13:27:16,440 WARN org.springframework.boot.autoconfigure.orm.jpa.JpaBaseConfiguration$JpaWebConfiguration [restartedMain] spring.jpa.open-in-view is enabled by default. Therefore, database queries may be performed during view rendering. Explicitly configure spring.jpa.open-in-view to disable this warning
2023-08-04 13:27:16,823 INFO org.springframework.boot.devtools.autoconfigure.OptionalLiveReloadServer [restartedMain] LiveReload server is running on port 35729
2023-08-04 13:27:17,156 WARN org.springframework.boot.autoconfigure.thymeleaf.ThymeleafAutoConfiguration$DefaultTemplateResolverConfiguration [restartedMain] Cannot find template location: classpath:/templates/ (please add some templates, check your Thymeleaf configuration, or set spring.thymeleaf.check-template-location=false)
2023-08-04 13:27:17,279 INFO org.apache.juli.logging.DirectJDKLog [restartedMain] Starting ProtocolHandler ["http-nio-5051"]
2023-08-04 13:27:17,340 INFO org.springframework.boot.web.embedded.tomcat.TomcatWebServer [restartedMain] Tomcat started on port(s): 5051 (http) with context path ''
2023-08-04 13:27:18,005 INFO org.springframework.boot.StartupInfoLogger [restartedMain] Started ProductsServiceApplication in 11.161 seconds (JVM running for 12.585)
2023-08-04 13:27:26,332 INFO org.springframework.orm.jpa.AbstractEntityManagerFactoryBean [SpringApplicationShutdownHook] Closing JPA EntityManagerFactory for persistence unit 'default'
2023-08-04 13:27:26,336 INFO com.zaxxer.hikari.HikariDataSource [SpringApplicationShutdownHook] HikariPool-1 - Shutdown initiated...
2023-08-04 13:27:26,343 INFO com.zaxxer.hikari.HikariDataSource [SpringApplicationShutdownHook] HikariPool-1 - Shutdown completed.
2023-08-04 13:27:35,773 INFO org.hibernate.validator.internal.util.Version [background-preinit] HV000001: Hibernate Validator 6.2.5.Final
2023-08-04 13:27:35,830 INFO org.springframework.boot.StartupInfoLogger [restartedMain] Starting ProductsServiceApplication using Java 17.0.7 on LVAGPLTP4602 with PID 25160 (C:\Users\kristine.kaposte\OneDrive - Accenture\Desktop\Projects\productsService\target\classes started by kristine.kaposte in C:\Users\kristine.kaposte\OneDrive - Accenture\Desktop\Projects\productsService)
2023-08-04 13:27:35,831 DEBUG org.springframework.boot.StartupInfoLogger [restartedMain] Running with Spring Boot v2.7.14, Spring v5.3.29
2023-08-04 13:27:35,831 INFO org.springframework.boot.SpringApplication [restartedMain] No active profile set, falling back to 1 default profile: "default"
2023-08-04 13:27:35,910 INFO org.springframework.boot.logging.DeferredLog [restartedMain] Devtools property defaults active! Set 'spring.devtools.add-properties' to 'false' to disable
2023-08-04 13:27:35,910 INFO org.springframework.boot.logging.DeferredLog [restartedMain] For additional web related logging consider setting the 'logging.level.web' property to 'DEBUG'
2023-08-04 13:27:37,458 INFO org.springframework.data.repository.config.RepositoryConfigurationDelegate [restartedMain] Bootstrapping Spring Data JPA repositories in DEFAULT mode.
2023-08-04 13:27:37,564 INFO org.springframework.data.repository.config.RepositoryConfigurationDelegate [restartedMain] Finished Spring Data repository scanning in 93 ms. Found 2 JPA repository interfaces.
2023-08-04 13:27:38,882 INFO org.springframework.boot.web.embedded.tomcat.TomcatWebServer [restartedMain] Tomcat initialized with port(s): 5051 (http)
2023-08-04 13:27:38,893 INFO org.apache.juli.logging.DirectJDKLog [restartedMain] Initializing ProtocolHandler ["http-nio-5051"]
2023-08-04 13:27:38,898 INFO org.apache.juli.logging.DirectJDKLog [restartedMain] Starting service [Tomcat]
2023-08-04 13:27:38,898 INFO org.apache.juli.logging.DirectJDKLog [restartedMain] Starting Servlet engine: [Apache Tomcat/9.0.78]
2023-08-04 13:27:39,078 INFO org.apache.juli.logging.DirectJDKLog [restartedMain] Initializing Spring embedded WebApplicationContext
2023-08-04 13:27:39,078 INFO org.springframework.boot.web.servlet.context.ServletWebServerApplicationContext [restartedMain] Root WebApplicationContext: initialization completed in 3167 ms
2023-08-04 13:27:39,364 INFO org.flywaydb.core.internal.logging.slf4j.Slf4jLog [restartedMain] Flyway Community Edition 8.5.13 by Redgate
2023-08-04 13:27:39,364 INFO org.flywaydb.core.internal.logging.slf4j.Slf4jLog [restartedMain] See what's new here: https://flywaydb.org/documentation/learnmore/releaseNotes#8.5.13
2023-08-04 13:27:39,365 INFO org.flywaydb.core.internal.logging.slf4j.Slf4jLog [restartedMain] 
2023-08-04 13:27:39,384 INFO com.zaxxer.hikari.HikariDataSource [restartedMain] HikariPool-1 - Starting...
2023-08-04 13:27:39,918 INFO com.zaxxer.hikari.HikariDataSource [restartedMain] HikariPool-1 - Start completed.
2023-08-04 13:27:39,974 INFO org.flywaydb.core.internal.logging.slf4j.Slf4jLog [restartedMain] Database: jdbc:mysql://localhost:3306/productsdb (MySQL 8.0)
2023-08-04 13:27:40,048 INFO org.flywaydb.core.internal.logging.slf4j.Slf4jLog [restartedMain] Successfully validated 2 migrations (execution time 00:00.037s)
2023-08-04 13:27:40,071 INFO org.flywaydb.core.internal.logging.slf4j.Slf4jLog [restartedMain] Current version of schema `productsdb`: 1.0.2
2023-08-04 13:27:40,073 INFO org.flywaydb.core.internal.logging.slf4j.Slf4jLog [restartedMain] Schema `productsdb` is up to date. No migration necessary.
2023-08-04 13:27:40,279 INFO org.hibernate.jpa.internal.util.LogHelper [restartedMain] HHH000204: Processing PersistenceUnitInfo [name: default]
2023-08-04 13:27:40,372 INFO org.hibernate.Version [restartedMain] HHH000412: Hibernate ORM core version 5.6.15.Final
2023-08-04 13:27:40,738 INFO org.hibernate.annotations.common.reflection.java.JavaReflectionManager [restartedMain] HCANN000001: Hibernate Commons Annotations {5.1.2.Final}
2023-08-04 13:27:40,968 INFO org.hibernate.dialect.Dialect [restartedMain] HHH000400: Using dialect: org.hibernate.dialect.MySQL8Dialect
2023-08-04 13:27:41,895 INFO org.hibernate.engine.transaction.jta.platform.internal.JtaPlatformInitiator [restartedMain] HHH000490: Using JtaPlatform implementation: [org.hibernate.engine.transaction.jta.platform.internal.NoJtaPlatform]
2023-08-04 13:27:41,909 INFO org.springframework.orm.jpa.AbstractEntityManagerFactoryBean [restartedMain] Initialized JPA EntityManagerFactory for persistence unit 'default'
2023-08-04 13:27:42,864 WARN org.springframework.boot.autoconfigure.orm.jpa.JpaBaseConfiguration$JpaWebConfiguration [restartedMain] spring.jpa.open-in-view is enabled by default. Therefore, database queries may be performed during view rendering. Explicitly configure spring.jpa.open-in-view to disable this warning
2023-08-04 13:27:43,242 INFO org.springframework.boot.devtools.autoconfigure.OptionalLiveReloadServer [restartedMain] LiveReload server is running on port 35729
2023-08-04 13:27:43,557 WARN org.springframework.boot.autoconfigure.thymeleaf.ThymeleafAutoConfiguration$DefaultTemplateResolverConfiguration [restartedMain] Cannot find template location: classpath:/templates/ (please add some templates, check your Thymeleaf configuration, or set spring.thymeleaf.check-template-location=false)
2023-08-04 13:27:43,710 INFO org.apache.juli.logging.DirectJDKLog [restartedMain] Starting ProtocolHandler ["http-nio-5051"]
2023-08-04 13:27:43,752 INFO org.springframework.boot.web.embedded.tomcat.TomcatWebServer [restartedMain] Tomcat started on port(s): 5051 (http) with context path ''
2023-08-04 13:27:44,170 INFO org.springframework.boot.StartupInfoLogger [restartedMain] Started ProductsServiceApplication in 8.986 seconds (JVM running for 10.324)
2023-08-04 13:28:14,797 INFO org.apache.juli.logging.DirectJDKLog [http-nio-5051-exec-1] Initializing Spring DispatcherServlet 'dispatcherServlet'
2023-08-04 13:28:14,798 INFO org.springframework.web.servlet.FrameworkServlet [http-nio-5051-exec-1] Initializing Servlet 'dispatcherServlet'
2023-08-04 13:28:14,799 INFO org.springframework.web.servlet.FrameworkServlet [http-nio-5051-exec-1] Completed initialization in 1 ms
2023-08-04 13:28:49,610 INFO com.productsService.business.service.impl.ProductServiceImpl [http-nio-5051-exec-1] is product id '1' present in database: true
2023-08-04 13:28:49,616 INFO com.productsService.business.service.impl.ProductServiceImpl [http-nio-5051-exec-1] is product id '2' present in database: true
2023-08-04 13:28:49,616 INFO com.productsService.web.controller.ProductController [http-nio-5051-exec-1] Found existing products: [1, 2]
2023-08-04 13:28:59,766 INFO com.productsService.business.service.impl.ProductServiceImpl [http-nio-5051-exec-2] is product id '1' present in database: true
2023-08-04 13:28:59,772 INFO com.productsService.business.service.impl.ProductServiceImpl [http-nio-5051-exec-2] is product id '2' present in database: true
2023-08-04 13:28:59,777 INFO com.productsService.business.service.impl.ProductServiceImpl [http-nio-5051-exec-2] is product id '4' present in database: false
2023-08-04 13:28:59,778 INFO com.productsService.web.controller.ProductController [http-nio-5051-exec-2] Found existing products: [1, 2]
2023-08-04 13:29:07,034 INFO com.productsService.business.service.impl.ProductServiceImpl [http-nio-5051-exec-3] is product id '1' present in database: true
2023-08-04 13:29:07,043 INFO com.productsService.business.service.impl.ProductServiceImpl [http-nio-5051-exec-3] is product id '2' present in database: true
2023-08-04 13:29:07,048 INFO com.productsService.business.service.impl.ProductServiceImpl [http-nio-5051-exec-3] is product id '3' present in database: true
2023-08-04 13:29:07,049 INFO com.productsService.web.controller.ProductController [http-nio-5051-exec-3] Found existing products: [1, 2, 3]
2023-08-04 13:32:04,810 INFO org.springframework.orm.jpa.AbstractEntityManagerFactoryBean [SpringApplicationShutdownHook] Closing JPA EntityManagerFactory for persistence unit 'default'
2023-08-04 13:32:04,816 INFO com.zaxxer.hikari.HikariDataSource [SpringApplicationShutdownHook] HikariPool-1 - Shutdown initiated...
2023-08-04 13:32:04,833 INFO com.zaxxer.hikari.HikariDataSource [SpringApplicationShutdownHook] HikariPool-1 - Shutdown completed.
2023-08-04 13:32:13,593 INFO org.hibernate.validator.internal.util.Version [background-preinit] HV000001: Hibernate Validator 6.2.5.Final
2023-08-04 13:32:13,652 INFO org.springframework.boot.StartupInfoLogger [restartedMain] Starting ProductsServiceApplication using Java 17.0.7 on LVAGPLTP4602 with PID 12028 (C:\Users\kristine.kaposte\OneDrive - Accenture\Desktop\Projects\productsService\target\classes started by kristine.kaposte in C:\Users\kristine.kaposte\OneDrive - Accenture\Desktop\Projects\productsService)
2023-08-04 13:32:13,654 DEBUG org.springframework.boot.StartupInfoLogger [restartedMain] Running with Spring Boot v2.7.14, Spring v5.3.29
2023-08-04 13:32:13,655 INFO org.springframework.boot.SpringApplication [restartedMain] No active profile set, falling back to 1 default profile: "default"
2023-08-04 13:32:13,731 INFO org.springframework.boot.logging.DeferredLog [restartedMain] Devtools property defaults active! Set 'spring.devtools.add-properties' to 'false' to disable
2023-08-04 13:32:13,731 INFO org.springframework.boot.logging.DeferredLog [restartedMain] For additional web related logging consider setting the 'logging.level.web' property to 'DEBUG'
2023-08-04 13:32:15,332 INFO org.springframework.data.repository.config.RepositoryConfigurationDelegate [restartedMain] Bootstrapping Spring Data JPA repositories in DEFAULT mode.
2023-08-04 13:32:15,444 INFO org.springframework.data.repository.config.RepositoryConfigurationDelegate [restartedMain] Finished Spring Data repository scanning in 99 ms. Found 2 JPA repository interfaces.
2023-08-04 13:32:16,817 INFO org.springframework.boot.web.embedded.tomcat.TomcatWebServer [restartedMain] Tomcat initialized with port(s): 5051 (http)
2023-08-04 13:32:16,832 INFO org.apache.juli.logging.DirectJDKLog [restartedMain] Initializing ProtocolHandler ["http-nio-5051"]
2023-08-04 13:32:16,836 INFO org.apache.juli.logging.DirectJDKLog [restartedMain] Starting service [Tomcat]
2023-08-04 13:32:16,837 INFO org.apache.juli.logging.DirectJDKLog [restartedMain] Starting Servlet engine: [Apache Tomcat/9.0.78]
2023-08-04 13:32:17,013 INFO org.apache.juli.logging.DirectJDKLog [restartedMain] Initializing Spring embedded WebApplicationContext
2023-08-04 13:32:17,014 INFO org.springframework.boot.web.servlet.context.ServletWebServerApplicationContext [restartedMain] Root WebApplicationContext: initialization completed in 3281 ms
2023-08-04 13:32:17,303 INFO org.flywaydb.core.internal.logging.slf4j.Slf4jLog [restartedMain] Flyway Community Edition 8.5.13 by Redgate
2023-08-04 13:32:17,303 INFO org.flywaydb.core.internal.logging.slf4j.Slf4jLog [restartedMain] See what's new here: https://flywaydb.org/documentation/learnmore/releaseNotes#8.5.13
2023-08-04 13:32:17,304 INFO org.flywaydb.core.internal.logging.slf4j.Slf4jLog [restartedMain] 
2023-08-04 13:32:17,319 INFO com.zaxxer.hikari.HikariDataSource [restartedMain] HikariPool-1 - Starting...
2023-08-04 13:32:17,892 INFO com.zaxxer.hikari.HikariDataSource [restartedMain] HikariPool-1 - Start completed.
2023-08-04 13:32:17,941 INFO org.flywaydb.core.internal.logging.slf4j.Slf4jLog [restartedMain] Database: jdbc:mysql://localhost:3306/productsdb (MySQL 8.0)
2023-08-04 13:32:18,040 INFO org.flywaydb.core.internal.logging.slf4j.Slf4jLog [restartedMain] Successfully validated 2 migrations (execution time 00:00.061s)
2023-08-04 13:32:18,075 INFO org.flywaydb.core.internal.logging.slf4j.Slf4jLog [restartedMain] Current version of schema `productsdb`: 1.0.2
2023-08-04 13:32:18,077 INFO org.flywaydb.core.internal.logging.slf4j.Slf4jLog [restartedMain] Schema `productsdb` is up to date. No migration necessary.
2023-08-04 13:32:18,338 INFO org.hibernate.jpa.internal.util.LogHelper [restartedMain] HHH000204: Processing PersistenceUnitInfo [name: default]
2023-08-04 13:32:18,422 INFO org.hibernate.Version [restartedMain] HHH000412: Hibernate ORM core version 5.6.15.Final
2023-08-04 13:32:18,746 INFO org.hibernate.annotations.common.reflection.java.JavaReflectionManager [restartedMain] HCANN000001: Hibernate Commons Annotations {5.1.2.Final}
2023-08-04 13:32:18,981 INFO org.hibernate.dialect.Dialect [restartedMain] HHH000400: Using dialect: org.hibernate.dialect.MySQL8Dialect
2023-08-04 13:32:19,976 INFO org.hibernate.engine.transaction.jta.platform.internal.JtaPlatformInitiator [restartedMain] HHH000490: Using JtaPlatform implementation: [org.hibernate.engine.transaction.jta.platform.internal.NoJtaPlatform]
2023-08-04 13:32:19,992 INFO org.springframework.orm.jpa.AbstractEntityManagerFactoryBean [restartedMain] Initialized JPA EntityManagerFactory for persistence unit 'default'
2023-08-04 13:32:20,980 WARN org.springframework.boot.autoconfigure.orm.jpa.JpaBaseConfiguration$JpaWebConfiguration [restartedMain] spring.jpa.open-in-view is enabled by default. Therefore, database queries may be performed during view rendering. Explicitly configure spring.jpa.open-in-view to disable this warning
2023-08-04 13:32:21,378 INFO org.springframework.boot.devtools.autoconfigure.OptionalLiveReloadServer [restartedMain] LiveReload server is running on port 35729
2023-08-04 13:32:21,746 WARN org.springframework.boot.autoconfigure.thymeleaf.ThymeleafAutoConfiguration$DefaultTemplateResolverConfiguration [restartedMain] Cannot find template location: classpath:/templates/ (please add some templates, check your Thymeleaf configuration, or set spring.thymeleaf.check-template-location=false)
2023-08-04 13:32:21,878 INFO org.apache.juli.logging.DirectJDKLog [restartedMain] Starting ProtocolHandler ["http-nio-5051"]
2023-08-04 13:32:21,932 INFO org.springframework.boot.web.embedded.tomcat.TomcatWebServer [restartedMain] Tomcat started on port(s): 5051 (http) with context path ''
2023-08-04 13:32:22,408 INFO org.springframework.boot.StartupInfoLogger [restartedMain] Started ProductsServiceApplication in 9.467 seconds (JVM running for 10.833)
2023-08-04 14:10:51,355 INFO org.springframework.orm.jpa.AbstractEntityManagerFactoryBean [SpringApplicationShutdownHook] Closing JPA EntityManagerFactory for persistence unit 'default'
2023-08-04 14:10:51,361 INFO com.zaxxer.hikari.HikariDataSource [SpringApplicationShutdownHook] HikariPool-1 - Shutdown initiated...
2023-08-04 14:10:51,377 INFO com.zaxxer.hikari.HikariDataSource [SpringApplicationShutdownHook] HikariPool-1 - Shutdown completed.
2023-08-04 14:25:56,316 INFO org.hibernate.validator.internal.util.Version [background-preinit] HV000001: Hibernate Validator 6.2.5.Final
2023-08-04 14:25:56,378 INFO org.springframework.boot.StartupInfoLogger [restartedMain] Starting ProductsServiceApplication using Java 17.0.7 on LVAGPLTP4602 with PID 24300 (C:\Users\kristine.kaposte\OneDrive - Accenture\Desktop\Projects\productsService\target\classes started by kristine.kaposte in C:\Users\kristine.kaposte\OneDrive - Accenture\Desktop\Projects\productsService)
2023-08-04 14:25:56,379 DEBUG org.springframework.boot.StartupInfoLogger [restartedMain] Running with Spring Boot v2.7.14, Spring v5.3.29
2023-08-04 14:25:56,381 INFO org.springframework.boot.SpringApplication [restartedMain] No active profile set, falling back to 1 default profile: "default"
2023-08-04 14:25:56,477 INFO org.springframework.boot.logging.DeferredLog [restartedMain] Devtools property defaults active! Set 'spring.devtools.add-properties' to 'false' to disable
2023-08-04 14:25:56,478 INFO org.springframework.boot.logging.DeferredLog [restartedMain] For additional web related logging consider setting the 'logging.level.web' property to 'DEBUG'
2023-08-04 14:25:57,946 INFO org.springframework.data.repository.config.RepositoryConfigurationDelegate [restartedMain] Bootstrapping Spring Data JPA repositories in DEFAULT mode.
2023-08-04 14:25:58,145 INFO org.springframework.data.repository.config.RepositoryConfigurationDelegate [restartedMain] Finished Spring Data repository scanning in 167 ms. Found 2 JPA repository interfaces.
2023-08-04 14:25:59,661 INFO org.springframework.boot.web.embedded.tomcat.TomcatWebServer [restartedMain] Tomcat initialized with port(s): 5051 (http)
2023-08-04 14:25:59,675 INFO org.apache.juli.logging.DirectJDKLog [restartedMain] Initializing ProtocolHandler ["http-nio-5051"]
2023-08-04 14:25:59,681 INFO org.apache.juli.logging.DirectJDKLog [restartedMain] Starting service [Tomcat]
2023-08-04 14:25:59,682 INFO org.apache.juli.logging.DirectJDKLog [restartedMain] Starting Servlet engine: [Apache Tomcat/9.0.78]
2023-08-04 14:25:59,957 INFO org.apache.juli.logging.DirectJDKLog [restartedMain] Initializing Spring embedded WebApplicationContext
2023-08-04 14:25:59,958 INFO org.springframework.boot.web.servlet.context.ServletWebServerApplicationContext [restartedMain] Root WebApplicationContext: initialization completed in 3478 ms
2023-08-04 14:26:00,282 INFO org.flywaydb.core.internal.logging.slf4j.Slf4jLog [restartedMain] Flyway Community Edition 8.5.13 by Redgate
2023-08-04 14:26:00,282 INFO org.flywaydb.core.internal.logging.slf4j.Slf4jLog [restartedMain] See what's new here: https://flywaydb.org/documentation/learnmore/releaseNotes#8.5.13
2023-08-04 14:26:00,283 INFO org.flywaydb.core.internal.logging.slf4j.Slf4jLog [restartedMain] 
2023-08-04 14:26:00,303 INFO com.zaxxer.hikari.HikariDataSource [restartedMain] HikariPool-1 - Starting...
2023-08-04 14:26:00,915 INFO com.zaxxer.hikari.HikariDataSource [restartedMain] HikariPool-1 - Start completed.
2023-08-04 14:26:01,002 INFO org.flywaydb.core.internal.logging.slf4j.Slf4jLog [restartedMain] Database: jdbc:mysql://localhost:3306/productsdb (MySQL 8.0)
2023-08-04 14:26:01,131 INFO org.flywaydb.core.internal.logging.slf4j.Slf4jLog [restartedMain] Successfully validated 2 migrations (execution time 00:00.066s)
2023-08-04 14:26:01,160 INFO org.flywaydb.core.internal.logging.slf4j.Slf4jLog [restartedMain] Current version of schema `productsdb`: 1.0.2
2023-08-04 14:26:01,162 INFO org.flywaydb.core.internal.logging.slf4j.Slf4jLog [restartedMain] Schema `productsdb` is up to date. No migration necessary.
2023-08-04 14:26:01,401 INFO org.hibernate.jpa.internal.util.LogHelper [restartedMain] HHH000204: Processing PersistenceUnitInfo [name: default]
2023-08-04 14:26:01,539 INFO org.hibernate.Version [restartedMain] HHH000412: Hibernate ORM core version 5.6.15.Final
2023-08-04 14:26:02,105 INFO org.hibernate.annotations.common.reflection.java.JavaReflectionManager [restartedMain] HCANN000001: Hibernate Commons Annotations {5.1.2.Final}
2023-08-04 14:26:02,645 INFO org.hibernate.dialect.Dialect [restartedMain] HHH000400: Using dialect: org.hibernate.dialect.MySQL8Dialect
2023-08-04 14:26:03,860 INFO org.hibernate.engine.transaction.jta.platform.internal.JtaPlatformInitiator [restartedMain] HHH000490: Using JtaPlatform implementation: [org.hibernate.engine.transaction.jta.platform.internal.NoJtaPlatform]
2023-08-04 14:26:03,874 INFO org.springframework.orm.jpa.AbstractEntityManagerFactoryBean [restartedMain] Initialized JPA EntityManagerFactory for persistence unit 'default'
2023-08-04 14:26:04,917 WARN org.springframework.boot.autoconfigure.orm.jpa.JpaBaseConfiguration$JpaWebConfiguration [restartedMain] spring.jpa.open-in-view is enabled by default. Therefore, database queries may be performed during view rendering. Explicitly configure spring.jpa.open-in-view to disable this warning
2023-08-04 14:26:05,285 INFO org.springframework.boot.devtools.autoconfigure.OptionalLiveReloadServer [restartedMain] LiveReload server is running on port 35729
2023-08-04 14:26:05,648 WARN org.springframework.boot.autoconfigure.thymeleaf.ThymeleafAutoConfiguration$DefaultTemplateResolverConfiguration [restartedMain] Cannot find template location: classpath:/templates/ (please add some templates, check your Thymeleaf configuration, or set spring.thymeleaf.check-template-location=false)
2023-08-04 14:26:05,781 INFO org.apache.juli.logging.DirectJDKLog [restartedMain] Starting ProtocolHandler ["http-nio-5051"]
2023-08-04 14:26:05,821 INFO org.springframework.boot.web.embedded.tomcat.TomcatWebServer [restartedMain] Tomcat started on port(s): 5051 (http) with context path ''
2023-08-04 14:26:06,329 INFO org.springframework.boot.StartupInfoLogger [restartedMain] Started ProductsServiceApplication in 10.571 seconds (JVM running for 11.716)
2023-08-04 14:26:09,079 INFO org.apache.juli.logging.DirectJDKLog [http-nio-5051-exec-1] Initializing Spring DispatcherServlet 'dispatcherServlet'
2023-08-04 14:26:09,080 INFO org.springframework.web.servlet.FrameworkServlet [http-nio-5051-exec-1] Initializing Servlet 'dispatcherServlet'
2023-08-04 14:26:09,081 INFO org.springframework.web.servlet.FrameworkServlet [http-nio-5051-exec-1] Completed initialization in 1 ms
2023-08-04 14:26:17,147 INFO com.productsService.business.service.impl.ProductServiceImpl [http-nio-5051-exec-7] is product id '1' present in database: true
2023-08-04 14:26:17,152 INFO com.productsService.business.service.impl.ProductServiceImpl [http-nio-5051-exec-7] is product id '2' present in database: true
2023-08-04 14:26:17,158 INFO com.productsService.business.service.impl.ProductServiceImpl [http-nio-5051-exec-7] is product id '3' present in database: true
2023-08-04 14:26:17,159 INFO com.productsService.web.controller.ProductController [http-nio-5051-exec-7] Found existing products: [1, 2, 3]
2023-08-04 14:26:23,881 INFO com.productsService.business.service.impl.ProductServiceImpl [http-nio-5051-exec-8] is product id '1' present in database: true
2023-08-04 14:26:23,889 INFO com.productsService.business.service.impl.ProductServiceImpl [http-nio-5051-exec-8] is product id '2' present in database: true
2023-08-04 14:26:23,895 INFO com.productsService.business.service.impl.ProductServiceImpl [http-nio-5051-exec-8] is product id '3' present in database: true
2023-08-04 14:26:23,900 INFO com.productsService.business.service.impl.ProductServiceImpl [http-nio-5051-exec-8] is product id '4' present in database: false
2023-08-04 14:26:23,901 WARN com.productsService.business.service.impl.ProductServiceImpl [http-nio-5051-exec-8] Product with id: {}, does not exist[1, 2, 3, 4, null]
2023-08-04 14:26:23,914 ERROR org.apache.juli.logging.DirectJDKLog [http-nio-5051-exec-8] Servlet.service() for servlet [dispatcherServlet] in context with path [] threw exception [Request processing failed; nested exception is org.springframework.dao.InvalidDataAccessApiUsageException: The given id must not be null!; nested exception is java.lang.IllegalArgumentException: The given id must not be null!] with root cause
java.lang.IllegalArgumentException: The given id must not be null!
	at org.springframework.util.Assert.notNull(Assert.java:201)
	at org.springframework.data.jpa.repository.support.SimpleJpaRepository.existsById(SimpleJpaRepository.java:384)
	at java.base/jdk.internal.reflect.NativeMethodAccessorImpl.invoke0(Native Method)
	at java.base/jdk.internal.reflect.NativeMethodAccessorImpl.invoke(NativeMethodAccessorImpl.java:77)
	at java.base/jdk.internal.reflect.DelegatingMethodAccessorImpl.invoke(DelegatingMethodAccessorImpl.java:43)
	at java.base/java.lang.reflect.Method.invoke(Method.java:568)
	at org.springframework.data.repository.core.support.RepositoryMethodInvoker$RepositoryFragmentMethodInvoker.lambda$new$0(RepositoryMethodInvoker.java:289)
	at org.springframework.data.repository.core.support.RepositoryMethodInvoker.doInvoke(RepositoryMethodInvoker.java:137)
	at org.springframework.data.repository.core.support.RepositoryMethodInvoker.invoke(RepositoryMethodInvoker.java:121)
	at org.springframework.data.repository.core.support.RepositoryComposition$RepositoryFragments.invoke(RepositoryComposition.java:530)
	at org.springframework.data.repository.core.support.RepositoryComposition.invoke(RepositoryComposition.java:286)
	at org.springframework.data.repository.core.support.RepositoryFactorySupport$ImplementationMethodExecutionInterceptor.invoke(RepositoryFactorySupport.java:640)
	at org.springframework.aop.framework.ReflectiveMethodInvocation.proceed(ReflectiveMethodInvocation.java:186)
	at org.springframework.data.repository.core.support.QueryExecutorMethodInterceptor.doInvoke(QueryExecutorMethodInterceptor.java:164)
	at org.springframework.data.repository.core.support.QueryExecutorMethodInterceptor.invoke(QueryExecutorMethodInterceptor.java:139)
	at org.springframework.aop.framework.ReflectiveMethodInvocation.proceed(ReflectiveMethodInvocation.java:186)
	at org.springframework.data.projection.DefaultMethodInvokingMethodInterceptor.invoke(DefaultMethodInvokingMethodInterceptor.java:76)
	at org.springframework.aop.framework.ReflectiveMethodInvocation.proceed(ReflectiveMethodInvocation.java:186)
	at org.springframework.transaction.interceptor.TransactionInterceptor$1.proceedWithInvocation(TransactionInterceptor.java:123)
	at org.springframework.transaction.interceptor.TransactionAspectSupport.invokeWithinTransaction(TransactionAspectSupport.java:388)
	at org.springframework.transaction.interceptor.TransactionInterceptor.invoke(TransactionInterceptor.java:119)
	at org.springframework.aop.framework.ReflectiveMethodInvocation.proceed(ReflectiveMethodInvocation.java:186)
	at org.springframework.dao.support.PersistenceExceptionTranslationInterceptor.invoke(PersistenceExceptionTranslationInterceptor.java:137)
	at org.springframework.aop.framework.ReflectiveMethodInvocation.proceed(ReflectiveMethodInvocation.java:186)
	at org.springframework.data.jpa.repository.support.CrudMethodMetadataPostProcessor$CrudMethodMetadataPopulatingMethodInterceptor.invoke(CrudMethodMetadataPostProcessor.java:174)
	at org.springframework.aop.framework.ReflectiveMethodInvocation.proceed(ReflectiveMethodInvocation.java:186)
	at org.springframework.aop.interceptor.ExposeInvocationInterceptor.invoke(ExposeInvocationInterceptor.java:97)
	at org.springframework.aop.framework.ReflectiveMethodInvocation.proceed(ReflectiveMethodInvocation.java:186)
	at org.springframework.aop.framework.JdkDynamicAopProxy.invoke(JdkDynamicAopProxy.java:241)
	at jdk.proxy3/jdk.proxy3.$Proxy131.existsById(Unknown Source)
	at com.productsService.business.service.impl.ProductServiceImpl.isProductPresent(ProductServiceImpl.java:77)
	at com.productsService.business.service.impl.ProductServiceImpl.findExistingProducts(ProductServiceImpl.java:85)
	at com.productsService.web.controller.ProductController.findExistingProducts(ProductController.java:155)
	at java.base/jdk.internal.reflect.NativeMethodAccessorImpl.invoke0(Native Method)
	at java.base/jdk.internal.reflect.NativeMethodAccessorImpl.invoke(NativeMethodAccessorImpl.java:77)
	at java.base/jdk.internal.reflect.DelegatingMethodAccessorImpl.invoke(DelegatingMethodAccessorImpl.java:43)
	at java.base/java.lang.reflect.Method.invoke(Method.java:568)
	at org.springframework.web.method.support.InvocableHandlerMethod.doInvoke(InvocableHandlerMethod.java:205)
	at org.springframework.web.method.support.InvocableHandlerMethod.invokeForRequest(InvocableHandlerMethod.java:150)
	at org.springframework.web.servlet.mvc.method.annotation.ServletInvocableHandlerMethod.invokeAndHandle(ServletInvocableHandlerMethod.java:117)
	at org.springframework.web.servlet.mvc.method.annotation.RequestMappingHandlerAdapter.invokeHandlerMethod(RequestMappingHandlerAdapter.java:895)
	at org.springframework.web.servlet.mvc.method.annotation.RequestMappingHandlerAdapter.handleInternal(RequestMappingHandlerAdapter.java:808)
	at org.springframework.web.servlet.mvc.method.AbstractHandlerMethodAdapter.handle(AbstractHandlerMethodAdapter.java:87)
	at org.springframework.web.servlet.DispatcherServlet.doDispatch(DispatcherServlet.java:1072)
	at org.springframework.web.servlet.DispatcherServlet.doService(DispatcherServlet.java:965)
	at org.springframework.web.servlet.FrameworkServlet.processRequest(FrameworkServlet.java:1006)
	at org.springframework.web.servlet.FrameworkServlet.doGet(FrameworkServlet.java:898)
	at javax.servlet.http.HttpServlet.service(HttpServlet.java:529)
	at org.springframework.web.servlet.FrameworkServlet.service(FrameworkServlet.java:883)
	at javax.servlet.http.HttpServlet.service(HttpServlet.java:623)
	at org.apache.catalina.core.ApplicationFilterChain.internalDoFilter(ApplicationFilterChain.java:209)
	at org.apache.catalina.core.ApplicationFilterChain.doFilter(ApplicationFilterChain.java:153)
	at org.apache.tomcat.websocket.server.WsFilter.doFilter(WsFilter.java:51)
	at org.apache.catalina.core.ApplicationFilterChain.internalDoFilter(ApplicationFilterChain.java:178)
	at org.apache.catalina.core.ApplicationFilterChain.doFilter(ApplicationFilterChain.java:153)
	at org.springframework.web.filter.CharacterEncodingFilter.doFilterInternal(CharacterEncodingFilter.java:201)
	at org.springframework.web.filter.OncePerRequestFilter.doFilter(OncePerRequestFilter.java:117)
	at org.apache.catalina.core.ApplicationFilterChain.internalDoFilter(ApplicationFilterChain.java:178)
	at org.apache.catalina.core.ApplicationFilterChain.doFilter(ApplicationFilterChain.java:153)
	at org.apache.catalina.core.StandardWrapperValve.invoke(StandardWrapperValve.java:167)
	at org.apache.catalina.core.StandardContextValve.invoke(StandardContextValve.java:90)
	at org.apache.catalina.authenticator.AuthenticatorBase.invoke(AuthenticatorBase.java:481)
	at org.apache.catalina.core.StandardHostValve.invoke(StandardHostValve.java:130)
	at org.apache.catalina.valves.ErrorReportValve.invoke(ErrorReportValve.java:93)
	at org.apache.catalina.core.StandardEngineValve.invoke(StandardEngineValve.java:74)
	at org.apache.catalina.connector.CoyoteAdapter.service(CoyoteAdapter.java:343)
	at org.apache.coyote.http11.Http11Processor.service(Http11Processor.java:390)
	at org.apache.coyote.AbstractProcessorLight.process(AbstractProcessorLight.java:63)
	at org.apache.coyote.AbstractProtocol$ConnectionHandler.process(AbstractProtocol.java:926)
	at org.apache.tomcat.util.net.NioEndpoint$SocketProcessor.doRun(NioEndpoint.java:1791)
	at org.apache.tomcat.util.net.SocketProcessorBase.run(SocketProcessorBase.java:52)
	at org.apache.tomcat.util.threads.ThreadPoolExecutor.runWorker(ThreadPoolExecutor.java:1191)
	at org.apache.tomcat.util.threads.ThreadPoolExecutor$Worker.run(ThreadPoolExecutor.java:659)
	at org.apache.tomcat.util.threads.TaskThread$WrappingRunnable.run(TaskThread.java:61)
	at java.base/java.lang.Thread.run(Thread.java:833)
2023-08-04 14:26:29,399 INFO com.productsService.business.service.impl.ProductServiceImpl [http-nio-5051-exec-9] is product id '1' present in database: true
2023-08-04 14:26:29,407 INFO com.productsService.business.service.impl.ProductServiceImpl [http-nio-5051-exec-9] is product id '2' present in database: true
2023-08-04 14:26:29,413 INFO com.productsService.business.service.impl.ProductServiceImpl [http-nio-5051-exec-9] is product id '3' present in database: true
2023-08-04 14:26:29,417 INFO com.productsService.business.service.impl.ProductServiceImpl [http-nio-5051-exec-9] is product id '4' present in database: false
2023-08-04 14:26:29,419 WARN com.productsService.business.service.impl.ProductServiceImpl [http-nio-5051-exec-9] Product with id: {}, does not exist[1, 2, 3, 4]
2023-08-04 14:26:29,419 INFO com.productsService.web.controller.ProductController [http-nio-5051-exec-9] Found existing products: [1, 2, 3]
2023-08-04 14:57:54,271 INFO org.springframework.orm.jpa.AbstractEntityManagerFactoryBean [SpringApplicationShutdownHook] Closing JPA EntityManagerFactory for persistence unit 'default'
2023-08-04 14:57:54,282 INFO com.zaxxer.hikari.HikariDataSource [SpringApplicationShutdownHook] HikariPool-1 - Shutdown initiated...
2023-08-04 14:57:54,344 INFO com.zaxxer.hikari.HikariDataSource [SpringApplicationShutdownHook] HikariPool-1 - Shutdown completed.
